{"body":"{\"username\":\"allan\",\"email\":\"allan@example.com\",\"password\":\"securePassword123\",\"phone_number\":\"+12345678901\"}","headers":{"accept":"*/*","accept-encoding":"gzip, deflate, br","cache-control":"no-cache","connection":"keep-alive","content-length":"131","content-type":"application/json","host":"localhost:3000","postman-token":"eac12f1c-d9bc-4bbc-ae6e-591e87538a89","user-agent":"PostmanRuntime/7.40.0"},"level":"info","message":"Request: POST /api/auth/register","service":"transaction-service","timestamp":"2024-11-28 11:32:38"}
{"level":"info","message":"User registered: allan","service":"transaction-service","timestamp":"2024-11-28 11:32:39"}
{"body":"{\"message\":\"User registered successfully\",\"userId\":3}","duration":"506ms","level":"info","message":"Response: POST /api/auth/register","service":"transaction-service","status":201,"timestamp":"2024-11-28 11:32:39"}
{"body":"{\"email\":\"john.doe@example.com\",\"password\":\"securePassword123\"}","headers":{"accept":"*/*","accept-encoding":"gzip, deflate, br","cache-control":"no-cache","connection":"keep-alive","content-length":"79","content-type":"application/json","host":"localhost:3000","postman-token":"6f44e810-37e5-430f-8f80-7b0fe9f1b486","user-agent":"PostmanRuntime/7.40.0"},"level":"info","message":"Request: POST /api/auth/login","service":"transaction-service","timestamp":"2024-11-28 11:32:44"}
{"level":"info","message":"User logged in: john.doe@example.com","service":"transaction-service","timestamp":"2024-11-28 11:32:45"}
{"body":"{\"token\":\"eyJhbGciOiJIUzI1NiIsInR5cCI6IkpXVCJ9.eyJ1c2VySWQiOjEsImlhdCI6MTczMjc4Mjc2NSwiZXhwIjoxNzMyNzg2MzY1fQ.AESgm8K8nCuWsU_TnYB8G9lH0He8PoHU6njSpyYUuXI\",\"userId\":1}","duration":"220ms","level":"info","message":"Response: POST /api/auth/login","service":"transaction-service","status":200,"timestamp":"2024-11-28 11:32:45"}
{"body":"{}","headers":{"accept":"*/*","accept-encoding":"gzip, deflate, br","authorization":"Bearer eyJhbGciOiJIUzI1NiIsInR5cCI6IkpXVCJ9.eyJ1c2VySWQiOjEsImlhdCI6MTczMjc4Mjc2NSwiZXhwIjoxNzMyNzg2MzY1fQ.AESgm8K8nCuWsU_TnYB8G9lH0He8PoHU6njSpyYUuXI","cache-control":"no-cache","connection":"keep-alive","host":"localhost:3000","postman-token":"77f58897-83ed-4545-8cca-a2e2a6048a90","user-agent":"PostmanRuntime/7.40.0"},"level":"info","message":"Request: GET /api/auth/profile","service":"transaction-service","timestamp":"2024-11-28 11:33:00"}
{"level":"info","message":"User authenticated: 1","service":"transaction-service","timestamp":"2024-11-28 11:33:00"}
{"body":"{\"id\":1,\"username\":\"john_doe\",\"email\":\"john.doe@example.com\",\"phone_number\":\"+1234567890\",\"account_balance\":\"50\"}","duration":"114ms","level":"info","message":"Response: GET /api/auth/profile","service":"transaction-service","status":200,"timestamp":"2024-11-28 11:33:00"}
{"body":"{}","headers":{"accept":"*/*","accept-encoding":"gzip, deflate, br","authorization":"Bearer eyJhbGciOiJIUzI1NiIsInR5cCI6IkpXVCJ9.eyJ1c2VySWQiOjEsImlhdCI6MTczMjc4Mjc2NSwiZXhwIjoxNzMyNzg2MzY1fQ.AESgm8K8nCuWsU_TnYB8G9lH0He8PoHU6njSpyYUuXI","cache-control":"no-cache","connection":"keep-alive","host":"localhost:3000","postman-token":"59baf66c-269c-4d79-b660-e469d70259d2","user-agent":"PostmanRuntime/7.40.0"},"level":"info","message":"Request: GET /api/transactions/balance","service":"transaction-service","timestamp":"2024-11-28 11:33:11"}
{"level":"info","message":"User authenticated: 1","service":"transaction-service","timestamp":"2024-11-28 11:33:11"}
{"level":"info","message":"Balance retrieved for user 1","service":"transaction-service","timestamp":"2024-11-28 11:33:11"}
{"body":"{\"success\":true,\"balance\":\"50\"}","duration":"107ms","level":"info","message":"Response: GET /api/transactions/balance","service":"transaction-service","status":200,"timestamp":"2024-11-28 11:33:11"}
{"body":"{\"phone_number\":\"+254712345678\",\"amount\":100,\"transaction_type\":\"DEPOSIT\"}","headers":{"accept":"*/*","accept-encoding":"gzip, deflate, br","authorization":"Bearer eyJhbGciOiJIUzI1NiIsInR5cCI6IkpXVCJ9.eyJ1c2VySWQiOjEsImlhdCI6MTczMjc4Mjc2NSwiZXhwIjoxNzMyNzg2MzY1fQ.AESgm8K8nCuWsU_TnYB8G9lH0He8PoHU6njSpyYUuXI","cache-control":"no-cache","connection":"keep-alive","content-length":"94","content-type":"application/json","host":"localhost:3000","postman-token":"f0005609-c6d3-461b-9522-95d7f696d58a","user-agent":"PostmanRuntime/7.40.0"},"level":"info","message":"Request: POST /api/transactions/simulate-mpesa","service":"transaction-service","timestamp":"2024-11-28 11:33:21"}
{"level":"info","message":"User authenticated: 1","service":"transaction-service","timestamp":"2024-11-28 11:33:21"}
{"amount":100,"level":"info","message":"Simulated M-Pesa DEPOSIT","phone_number":"+254712345678","service":"transaction-service","timestamp":"2024-11-28 11:33:22","transactionId":3,"user_id":1}
{"body":"{\"success\":true,\"message\":\"M-Pesa DEPOSIT successful\",\"transactionId\":3}","duration":"178ms","level":"info","message":"Response: POST /api/transactions/simulate-mpesa","service":"transaction-service","status":200,"timestamp":"2024-11-28 11:33:22"}
{"body":"{\"recipient_id\":3,\"amount\":50,\"description\":\"Payment for services\"}","headers":{"accept":"*/*","accept-encoding":"gzip, deflate, br","authorization":"Bearer eyJhbGciOiJIUzI1NiIsInR5cCI6IkpXVCJ9.eyJ1c2VySWQiOjEsImlhdCI6MTczMjc4Mjc2NSwiZXhwIjoxNzMyNzg2MzY1fQ.AESgm8K8nCuWsU_TnYB8G9lH0He8PoHU6njSpyYUuXI","cache-control":"no-cache","connection":"keep-alive","content-length":"87","content-type":"application/json","host":"localhost:3000","postman-token":"461508d5-2c0d-4619-b844-acbbe7b2de33","user-agent":"PostmanRuntime/7.40.0"},"level":"info","message":"Request: POST /api/transactions/transfer","service":"transaction-service","timestamp":"2024-11-28 11:33:42"}
{"level":"info","message":"User authenticated: 1","service":"transaction-service","timestamp":"2024-11-28 11:33:42"}
{"amount":50,"level":"info","message":"Fund transfer successful","recipient_id":3,"sender_id":1,"service":"transaction-service","timestamp":"2024-11-28 11:33:42","transactionId":4}
{"body":"{\"success\":true,\"message\":\"Fund transfer successful\",\"transactionId\":4}","duration":"138ms","level":"info","message":"Response: POST /api/transactions/transfer","service":"transaction-service","status":200,"timestamp":"2024-11-28 11:33:42"}
{"body":"{}","headers":{"accept":"*/*","accept-encoding":"gzip, deflate, br","authorization":"Bearer eyJhbGciOiJIUzI1NiIsInR5cCI6IkpXVCJ9.eyJ1c2VySWQiOjEsImlhdCI6MTczMjc4Mjc2NSwiZXhwIjoxNzMyNzg2MzY1fQ.AESgm8K8nCuWsU_TnYB8G9lH0He8PoHU6njSpyYUuXI","cache-control":"no-cache","connection":"keep-alive","host":"localhost:3000","postman-token":"9577912a-f4fa-4e00-ace6-bfb45ded91a4","user-agent":"PostmanRuntime/7.40.0"},"level":"info","message":"Request: GET /api/transactions/balance","service":"transaction-service","timestamp":"2024-11-28 11:33:47"}
{"level":"info","message":"User authenticated: 1","service":"transaction-service","timestamp":"2024-11-28 11:33:47"}
{"level":"info","message":"Balance retrieved for user 1","service":"transaction-service","timestamp":"2024-11-28 11:33:47"}
{"body":"{\"success\":true,\"balance\":\"100\"}","duration":"10ms","level":"info","message":"Response: GET /api/transactions/balance","service":"transaction-service","status":200,"timestamp":"2024-11-28 11:33:47"}
{"body":"{\"username\":\"liam\",\"email\":\"liam@example.com\",\"password\":\"securePassword123\",\"phone_number\":\"+12345678901\"}","headers":{"accept":"*/*","accept-encoding":"gzip, deflate, br","cache-control":"no-cache","connection":"keep-alive","content-length":"129","content-type":"application/json","host":"localhost:3000","postman-token":"f9416428-4030-4cb8-b3c4-d1a7c6e45771","user-agent":"PostmanRuntime/7.40.0"},"level":"info","message":"Request: POST /api/auth/register","service":"transaction-service","timestamp":"2024-11-28 11:34:27"}
{"level":"info","message":"User registered: liam","service":"transaction-service","timestamp":"2024-11-28 11:34:27"}
{"body":"{\"message\":\"User registered successfully\",\"userId\":4}","duration":"334ms","level":"info","message":"Response: POST /api/auth/register","service":"transaction-service","status":201,"timestamp":"2024-11-28 11:34:27"}
{"body":"{\"email\":\"john.doe@example.com\",\"password\":\"securePassword123\"}","headers":{"accept":"*/*","accept-encoding":"gzip, deflate, br","cache-control":"no-cache","connection":"keep-alive","content-length":"79","content-type":"application/json","host":"localhost:3000","postman-token":"e346d929-35e0-49d2-badd-3cb3395d3a5f","user-agent":"PostmanRuntime/7.40.0"},"level":"info","message":"Request: POST /api/auth/login","service":"transaction-service","timestamp":"2024-11-28 11:34:33"}
{"level":"info","message":"User logged in: john.doe@example.com","service":"transaction-service","timestamp":"2024-11-28 11:34:33"}
{"body":"{\"token\":\"eyJhbGciOiJIUzI1NiIsInR5cCI6IkpXVCJ9.eyJ1c2VySWQiOjEsImlhdCI6MTczMjc4Mjg3MywiZXhwIjoxNzMyNzg2NDczfQ.P964moPOJX2JzCQn_id5iB1ksURLyHn8y_3t11s6FYs\",\"userId\":1}","duration":"236ms","level":"info","message":"Response: POST /api/auth/login","service":"transaction-service","status":200,"timestamp":"2024-11-28 11:34:33"}
{"body":"{}","headers":{"accept":"*/*","accept-encoding":"gzip, deflate, br","authorization":"Bearer eyJhbGciOiJIUzI1NiIsInR5cCI6IkpXVCJ9.eyJ1c2VySWQiOjEsImlhdCI6MTczMjc4Mjg3MywiZXhwIjoxNzMyNzg2NDczfQ.P964moPOJX2JzCQn_id5iB1ksURLyHn8y_3t11s6FYs","cache-control":"no-cache","connection":"keep-alive","host":"localhost:3000","postman-token":"385cfa7e-5398-40c9-996f-f59b48df4fac","user-agent":"PostmanRuntime/7.40.0"},"level":"info","message":"Request: GET /api/auth/profile","service":"transaction-service","timestamp":"2024-11-28 11:34:46"}
{"level":"info","message":"User authenticated: 1","service":"transaction-service","timestamp":"2024-11-28 11:34:46"}
{"body":"{\"id\":1,\"username\":\"john_doe\",\"email\":\"john.doe@example.com\",\"phone_number\":\"+1234567890\",\"account_balance\":\"100\"}","duration":"100ms","level":"info","message":"Response: GET /api/auth/profile","service":"transaction-service","status":200,"timestamp":"2024-11-28 11:34:47"}
{"body":"{}","headers":{"accept":"*/*","accept-encoding":"gzip, deflate, br","authorization":"Bearer eyJhbGciOiJIUzI1NiIsInR5cCI6IkpXVCJ9.eyJ1c2VySWQiOjEsImlhdCI6MTczMjc4Mjg3MywiZXhwIjoxNzMyNzg2NDczfQ.P964moPOJX2JzCQn_id5iB1ksURLyHn8y_3t11s6FYs","cache-control":"no-cache","connection":"keep-alive","host":"localhost:3000","postman-token":"abe8c206-cd2f-4c69-bedc-76e432a47bec","user-agent":"PostmanRuntime/7.40.0"},"level":"info","message":"Request: GET /api/transactions/balance","service":"transaction-service","timestamp":"2024-11-28 11:34:54"}
{"level":"info","message":"User authenticated: 1","service":"transaction-service","timestamp":"2024-11-28 11:34:54"}
{"level":"info","message":"Balance retrieved for user 1","service":"transaction-service","timestamp":"2024-11-28 11:34:54"}
{"body":"{\"success\":true,\"balance\":\"100\"}","duration":"9ms","level":"info","message":"Response: GET /api/transactions/balance","service":"transaction-service","status":200,"timestamp":"2024-11-28 11:34:54"}
{"body":"{\"phone_number\":\"+254712345678\",\"amount\":100,\"transaction_type\":\"DEPOSIT\"}","headers":{"accept":"*/*","accept-encoding":"gzip, deflate, br","authorization":"Bearer eyJhbGciOiJIUzI1NiIsInR5cCI6IkpXVCJ9.eyJ1c2VySWQiOjEsImlhdCI6MTczMjc4Mjg3MywiZXhwIjoxNzMyNzg2NDczfQ.P964moPOJX2JzCQn_id5iB1ksURLyHn8y_3t11s6FYs","cache-control":"no-cache","connection":"keep-alive","content-length":"94","content-type":"application/json","host":"localhost:3000","postman-token":"dc9fe3c3-42e4-4748-b011-60bb95616579","user-agent":"PostmanRuntime/7.40.0"},"level":"info","message":"Request: POST /api/transactions/simulate-mpesa","service":"transaction-service","timestamp":"2024-11-28 11:35:02"}
{"level":"info","message":"User authenticated: 1","service":"transaction-service","timestamp":"2024-11-28 11:35:02"}
{"amount":100,"level":"info","message":"Simulated M-Pesa DEPOSIT","phone_number":"+254712345678","service":"transaction-service","timestamp":"2024-11-28 11:35:02","transactionId":5,"user_id":1}
{"body":"{\"success\":true,\"message\":\"M-Pesa DEPOSIT successful\",\"transactionId\":5}","duration":"114ms","level":"info","message":"Response: POST /api/transactions/simulate-mpesa","service":"transaction-service","status":200,"timestamp":"2024-11-28 11:35:02"}
{"body":"{\"recipient_id\":3,\"amount\":20,\"description\":\"Payment for services\"}","headers":{"accept":"*/*","accept-encoding":"gzip, deflate, br","authorization":"Bearer eyJhbGciOiJIUzI1NiIsInR5cCI6IkpXVCJ9.eyJ1c2VySWQiOjEsImlhdCI6MTczMjc4Mjg3MywiZXhwIjoxNzMyNzg2NDczfQ.P964moPOJX2JzCQn_id5iB1ksURLyHn8y_3t11s6FYs","cache-control":"no-cache","connection":"keep-alive","content-length":"87","content-type":"application/json","host":"localhost:3000","postman-token":"ff8adacd-021e-4aea-9ced-5a2c288181d2","user-agent":"PostmanRuntime/7.40.0"},"level":"info","message":"Request: POST /api/transactions/transfer","service":"transaction-service","timestamp":"2024-11-28 11:35:22"}
{"level":"info","message":"User authenticated: 1","service":"transaction-service","timestamp":"2024-11-28 11:35:22"}
{"amount":20,"level":"info","message":"Fund transfer successful","recipient_id":3,"sender_id":1,"service":"transaction-service","timestamp":"2024-11-28 11:35:22","transactionId":6}
{"body":"{\"success\":true,\"message\":\"Fund transfer successful\",\"transactionId\":6}","duration":"147ms","level":"info","message":"Response: POST /api/transactions/transfer","service":"transaction-service","status":200,"timestamp":"2024-11-28 11:35:22"}
{"body":"{\"email\":\"john.doe@example.com\",\"password\":\"securePassword123\"}","headers":{"accept":"*/*","accept-encoding":"gzip, deflate, br","cache-control":"no-cache","connection":"keep-alive","content-length":"79","content-type":"application/json","host":"localhost:3000","postman-token":"0398e783-432e-48be-ae60-d12681c442ed","user-agent":"PostmanRuntime/7.40.0"},"level":"info","message":"Request: POST /api/auth/login","service":"transaction-service","timestamp":"2024-11-28 12:04:59"}
{"level":"info","message":"User logged in: john.doe@example.com","service":"transaction-service","timestamp":"2024-11-28 12:05:00"}
{"body":"{\"token\":\"eyJhbGciOiJIUzI1NiIsInR5cCI6IkpXVCJ9.eyJ1c2VySWQiOjEsImlhdCI6MTczMjc4NDcwMCwiZXhwIjoxNzMyNzg4MzAwfQ.6iAEsVG6_pVqtkuBoLCDkmFqTeGBmfpK31dVXfbp6oQ\",\"userId\":1}","duration":"305ms","level":"info","message":"Response: POST /api/auth/login","service":"transaction-service","status":200,"timestamp":"2024-11-28 12:05:00"}
{"body":"{\"recipient_id\":3,\"amount\":20,\"description\":\"Payment for services\"}","headers":{"accept":"*/*","accept-encoding":"gzip, deflate, br","authorization":"Bearer eyJhbGciOiJIUzI1NiIsInR5cCI6IkpXVCJ9.eyJ1c2VySWQiOjEsImlhdCI6MTczMjc4NDcwMCwiZXhwIjoxNzMyNzg4MzAwfQ.6iAEsVG6_pVqtkuBoLCDkmFqTeGBmfpK31dVXfbp6oQ","cache-control":"no-cache","connection":"keep-alive","content-length":"87","content-type":"application/json","host":"localhost:3000","postman-token":"1ca967c3-de58-44c2-97c8-ade5c5b9b8bb","user-agent":"PostmanRuntime/7.40.0"},"level":"info","message":"Request: POST /api/transactions/transfer","service":"transaction-service","timestamp":"2024-11-28 12:05:18"}
{"level":"info","message":"User authenticated: 1","service":"transaction-service","timestamp":"2024-11-28 12:05:18"}
{"amount":20,"level":"info","message":"Fund transfer successful","recipient_id":3,"sender_id":1,"service":"transaction-service","timestamp":"2024-11-28 12:05:18","transactionId":7}
{"body":"{\"success\":true,\"message\":\"Fund transfer successful\",\"transactionId\":7}","duration":"214ms","level":"info","message":"Response: POST /api/transactions/transfer","service":"transaction-service","status":200,"timestamp":"2024-11-28 12:05:18"}
{"body":"{\"recipient_id\":3,\"amount\":20,\"description\":\"Payment for services\"}","headers":{"accept":"*/*","accept-encoding":"gzip, deflate, br","authorization":"Bearer eyJhbGciOiJIUzI1NiIsInR5cCI6IkpXVCJ9.eyJ1c2VySWQiOjEsImlhdCI6MTczMjc4NDcwMCwiZXhwIjoxNzMyNzg4MzAwfQ.6iAEsVG6_pVqtkuBoLCDkmFqTeGBmfpK31dVXfbp6oQ","cache-control":"no-cache","connection":"keep-alive","content-length":"87","content-type":"application/json","host":"localhost:3000","postman-token":"6c5e5975-231d-4901-9ade-f77e7d0b38c0","user-agent":"PostmanRuntime/7.40.0"},"level":"info","message":"Request: POST /api/transactions/transfer","service":"transaction-service","timestamp":"2024-11-28 12:07:48"}
{"level":"info","message":"User authenticated: 1","service":"transaction-service","timestamp":"2024-11-28 12:07:48"}
{"amount":20,"level":"info","message":"Fund transfer successful","recipient_id":3,"sender_id":1,"service":"transaction-service","timestamp":"2024-11-28 12:07:48","transactionId":8}
{"error":"connect ECONNREFUSED ::1:5672","level":"error","message":"RabbitMQ connection error","service":"transaction-service","timestamp":"2024-11-28 12:07:48"}
{"data":{"amount":20,"recipient_id":3,"sender_id":1,"type":"TRANSFER"},"error":"connect ECONNREFUSED ::1:5672","level":"error","message":"Error sending transaction notification","service":"transaction-service","timestamp":"2024-11-28 12:07:48"}
{"body":"{\"success\":true,\"message\":\"Fund transfer successful\",\"transactionId\":8}","duration":"214ms","level":"info","message":"Response: POST /api/transactions/transfer","service":"transaction-service","status":200,"timestamp":"2024-11-28 12:07:48"}
{"body":"{\"recipient_id\":3,\"amount\":20,\"description\":\"Payment for services\"}","headers":{"accept":"*/*","accept-encoding":"gzip, deflate, br","authorization":"Bearer eyJhbGciOiJIUzI1NiIsInR5cCI6IkpXVCJ9.eyJ1c2VySWQiOjEsImlhdCI6MTczMjc4NDcwMCwiZXhwIjoxNzMyNzg4MzAwfQ.6iAEsVG6_pVqtkuBoLCDkmFqTeGBmfpK31dVXfbp6oQ","cache-control":"no-cache","connection":"keep-alive","content-length":"87","content-type":"application/json","host":"localhost:3000","postman-token":"a9a37dab-a650-4243-a711-84a97db7a39d","user-agent":"PostmanRuntime/7.40.0"},"level":"info","message":"Request: POST /api/transactions/transfer","service":"transaction-service","timestamp":"2024-11-28 12:08:18"}
{"level":"info","message":"User authenticated: 1","service":"transaction-service","timestamp":"2024-11-28 12:08:18"}
{"amount":20,"level":"info","message":"Fund transfer successful","recipient_id":3,"sender_id":1,"service":"transaction-service","timestamp":"2024-11-28 12:08:18","transactionId":9}
{"error":"connect ECONNREFUSED ::1:5672","level":"error","message":"RabbitMQ connection error","service":"transaction-service","timestamp":"2024-11-28 12:08:18"}
{"data":{"amount":20,"recipient_id":3,"sender_id":1,"type":"TRANSFER"},"error":"connect ECONNREFUSED ::1:5672","level":"error","message":"Error sending transaction notification","service":"transaction-service","timestamp":"2024-11-28 12:08:18"}
{"body":"{\"success\":true,\"message\":\"Fund transfer successful\",\"transactionId\":9}","duration":"110ms","level":"info","message":"Response: POST /api/transactions/transfer","service":"transaction-service","status":200,"timestamp":"2024-11-28 12:08:18"}
{"body":"{}","headers":{"accept":"*/*","accept-encoding":"gzip, deflate, br","authorization":"Bearer eyJhbGciOiJIUzI1NiIsInR5cCI6IkpXVCJ9.eyJ1c2VySWQiOjEsImlhdCI6MTczMjc4NDcwMCwiZXhwIjoxNzMyNzg4MzAwfQ.6iAEsVG6_pVqtkuBoLCDkmFqTeGBmfpK31dVXfbp6oQ","cache-control":"no-cache","connection":"keep-alive","host":"localhost:3000","postman-token":"5697f82b-7883-4bbd-b093-ca155c70c270","user-agent":"PostmanRuntime/7.40.0"},"level":"info","message":"Request: GET /api/transactions/history?page=1&limit=10","service":"transaction-service","timestamp":"2024-11-28 12:19:07"}
{"level":"info","message":"User authenticated: 1","service":"transaction-service","timestamp":"2024-11-28 12:19:07"}
{"error":"User is not associated to Transaction!","level":"error","message":"Error retrieving transaction history","service":"transaction-service","timestamp":"2024-11-28 12:19:07"}
{"body":"{\"success\":false,\"message\":\"Error retrieving transaction history\",\"error\":\"User is not associated to Transaction!\"}","duration":"203ms","level":"info","message":"Response: GET /api/transactions/history?page=1&limit=10","service":"transaction-service","status":500,"timestamp":"2024-11-28 12:19:07"}
{"body":"{}","headers":{"accept":"*/*","accept-encoding":"gzip, deflate, br","authorization":"Bearer eyJhbGciOiJIUzI1NiIsInR5cCI6IkpXVCJ9.eyJ1c2VySWQiOjEsImlhdCI6MTczMjc4Mjg3MywiZXhwIjoxNzMyNzg2NDczfQ.P964moPOJX2JzCQn_id5iB1ksURLyHn8y_3t11s6FYs","cache-control":"no-cache","connection":"keep-alive","host":"localhost:3000","postman-token":"174b976b-599c-4f26-bced-00a39a4e77cc","user-agent":"PostmanRuntime/7.40.0"},"level":"info","message":"Request: GET /api/transactions/balance","service":"transaction-service","timestamp":"2024-11-28 12:19:23"}
{"level":"info","message":"User authenticated: 1","service":"transaction-service","timestamp":"2024-11-28 12:19:23"}
{"level":"info","message":"Balance retrieved for user 1","service":"transaction-service","timestamp":"2024-11-28 12:19:23"}
{"body":"{\"success\":true,\"balance\":\"120\"}","duration":"563ms","level":"info","message":"Response: GET /api/transactions/balance","service":"transaction-service","status":200,"timestamp":"2024-11-28 12:19:23"}
{"body":"{}","headers":{"accept":"*/*","accept-encoding":"gzip, deflate, br","authorization":"Bearer eyJhbGciOiJIUzI1NiIsInR5cCI6IkpXVCJ9.eyJ1c2VySWQiOjEsImlhdCI6MTczMjc4NDcwMCwiZXhwIjoxNzMyNzg4MzAwfQ.6iAEsVG6_pVqtkuBoLCDkmFqTeGBmfpK31dVXfbp6oQ","cache-control":"no-cache","connection":"keep-alive","host":"localhost:3000","postman-token":"a4defc45-0efa-4a32-b485-003d25cac06c","user-agent":"PostmanRuntime/7.40.0"},"level":"info","message":"Request: GET /api/transactions/history?page=1&limit=10","service":"transaction-service","timestamp":"2024-11-28 12:20:26"}
{"level":"info","message":"User authenticated: 1","service":"transaction-service","timestamp":"2024-11-28 12:20:26"}
{"error":"User is not associated to Transaction!","level":"error","message":"Error retrieving transaction history","service":"transaction-service","timestamp":"2024-11-28 12:20:26","user_id":1}
{"body":"{\"success\":false,\"message\":\"Error retrieving transaction history\",\"error\":\"User is not associated to Transaction!\"}","duration":"46ms","level":"info","message":"Response: GET /api/transactions/history?page=1&limit=10","service":"transaction-service","status":500,"timestamp":"2024-11-28 12:20:26"}
{"body":"{}","headers":{"accept":"*/*","accept-encoding":"gzip, deflate, br","authorization":"Bearer eyJhbGciOiJIUzI1NiIsInR5cCI6IkpXVCJ9.eyJ1c2VySWQiOjEsImlhdCI6MTczMjc4Mjg3MywiZXhwIjoxNzMyNzg2NDczfQ.P964moPOJX2JzCQn_id5iB1ksURLyHn8y_3t11s6FYs","cache-control":"no-cache","connection":"keep-alive","host":"localhost:3000","postman-token":"4f08b655-a3e7-47f3-b3c2-1c5f411db8b8","user-agent":"PostmanRuntime/7.40.0"},"level":"info","message":"Request: GET /api/transactions/balance","service":"transaction-service","timestamp":"2024-11-28 12:20:48"}
{"level":"info","message":"User authenticated: 1","service":"transaction-service","timestamp":"2024-11-28 12:20:48"}
{"level":"info","message":"Balance retrieved for user 1","service":"transaction-service","timestamp":"2024-11-28 12:20:48"}
{"body":"{\"success\":true,\"balance\":\"120\"}","duration":"310ms","level":"info","message":"Response: GET /api/transactions/balance","service":"transaction-service","status":200,"timestamp":"2024-11-28 12:20:48"}
{"body":"{\"recipient_id\":3,\"amount\":20,\"description\":\"Payment for services\"}","headers":{"accept":"*/*","accept-encoding":"gzip, deflate, br","authorization":"Bearer eyJhbGciOiJIUzI1NiIsInR5cCI6IkpXVCJ9.eyJ1c2VySWQiOjEsImlhdCI6MTczMjc4Mjg3MywiZXhwIjoxNzMyNzg2NDczfQ.P964moPOJX2JzCQn_id5iB1ksURLyHn8y_3t11s6FYs","cache-control":"no-cache","connection":"keep-alive","content-length":"87","content-type":"application/json","host":"localhost:3000","postman-token":"053303a0-ff35-4be1-8d1e-c2fb29c45449","user-agent":"PostmanRuntime/7.40.0"},"level":"info","message":"Request: POST /api/transactions/transfer","service":"transaction-service","timestamp":"2024-11-28 12:21:07"}
{"level":"info","message":"User authenticated: 1","service":"transaction-service","timestamp":"2024-11-28 12:21:07"}
{"amount":20,"level":"info","message":"Fund transfer successful","recipient_id":3,"sender_id":1,"service":"transaction-service","timestamp":"2024-11-28 12:21:07","transactionId":10}
{"error":"connect ECONNREFUSED ::1:5672","level":"error","message":"RabbitMQ connection error","service":"transaction-service","timestamp":"2024-11-28 12:21:07"}
{"data":{"amount":20,"recipient_id":3,"sender_id":1,"type":"TRANSFER"},"error":"connect ECONNREFUSED ::1:5672","level":"error","message":"Error sending transaction notification","service":"transaction-service","timestamp":"2024-11-28 12:21:07"}
{"body":"{\"success\":true,\"message\":\"Fund transfer successful\",\"transactionId\":10}","duration":"319ms","level":"info","message":"Response: POST /api/transactions/transfer","service":"transaction-service","status":200,"timestamp":"2024-11-28 12:21:07"}
{"body":"{}","headers":{"accept":"*/*","accept-encoding":"gzip, deflate, br","authorization":"Bearer eyJhbGciOiJIUzI1NiIsInR5cCI6IkpXVCJ9.eyJ1c2VySWQiOjEsImlhdCI6MTczMjc4NDcwMCwiZXhwIjoxNzMyNzg4MzAwfQ.6iAEsVG6_pVqtkuBoLCDkmFqTeGBmfpK31dVXfbp6oQ","cache-control":"no-cache","connection":"keep-alive","host":"localhost:3000","postman-token":"2cb469db-d4b0-494a-939d-813e34043947","user-agent":"PostmanRuntime/7.40.0"},"level":"info","message":"Request: GET /api/transactions/history?page=1&limit=10","service":"transaction-service","timestamp":"2024-11-28 12:21:15"}
{"level":"info","message":"User authenticated: 1","service":"transaction-service","timestamp":"2024-11-28 12:21:15"}
{"error":"User is not associated to Transaction!","level":"error","message":"Error retrieving transaction history","service":"transaction-service","timestamp":"2024-11-28 12:21:15","user_id":1}
{"body":"{\"success\":false,\"message\":\"Error retrieving transaction history\",\"error\":\"User is not associated to Transaction!\"}","duration":"7ms","level":"info","message":"Response: GET /api/transactions/history?page=1&limit=10","service":"transaction-service","status":500,"timestamp":"2024-11-28 12:21:15"}
{"body":"{}","headers":{"accept":"*/*","accept-encoding":"gzip, deflate, br","authorization":"Bearer eyJhbGciOiJIUzI1NiIsInR5cCI6IkpXVCJ9.eyJ1c2VySWQiOjEsImlhdCI6MTczMjc4NDcwMCwiZXhwIjoxNzMyNzg4MzAwfQ.6iAEsVG6_pVqtkuBoLCDkmFqTeGBmfpK31dVXfbp6oQ","cache-control":"no-cache","connection":"keep-alive","host":"localhost:3000","postman-token":"3c2d683e-f476-4bc0-abe9-6aed96dd44e2","user-agent":"PostmanRuntime/7.40.0"},"level":"info","message":"Request: GET /api/transactions/history?page=1&limit=10","service":"transaction-service","timestamp":"2024-11-28 12:21:59"}
{"level":"info","message":"User authenticated: 1","service":"transaction-service","timestamp":"2024-11-28 12:21:59"}
{"error":"User is not associated to Transaction!","level":"error","message":"Error retrieving transaction history","service":"transaction-service","timestamp":"2024-11-28 12:21:59","user_id":1}
{"body":"{\"success\":false,\"message\":\"Error retrieving transaction history\",\"error\":\"User is not associated to Transaction!\"}","duration":"81ms","level":"info","message":"Response: GET /api/transactions/history?page=1&limit=10","service":"transaction-service","status":500,"timestamp":"2024-11-28 12:21:59"}
{"body":"{}","headers":{"accept":"*/*","accept-encoding":"gzip, deflate, br","authorization":"Bearer eyJhbGciOiJIUzI1NiIsInR5cCI6IkpXVCJ9.eyJ1c2VySWQiOjEsImlhdCI6MTczMjc4NDcwMCwiZXhwIjoxNzMyNzg4MzAwfQ.6iAEsVG6_pVqtkuBoLCDkmFqTeGBmfpK31dVXfbp6oQ","cache-control":"no-cache","connection":"keep-alive","host":"localhost:3000","postman-token":"f7994bd9-8ff5-4615-b5f1-0cb5db9ea3a6","user-agent":"PostmanRuntime/7.40.0"},"level":"info","message":"Request: GET /api/transactions/history?page=1&limit=10","service":"transaction-service","timestamp":"2024-11-28 12:23:32"}
{"level":"info","message":"User authenticated: 1","service":"transaction-service","timestamp":"2024-11-28 12:23:32"}
{"error":"User is not associated to Transaction!","level":"error","message":"Error retrieving transaction history","service":"transaction-service","timestamp":"2024-11-28 12:23:32","user_id":1}
{"body":"{\"success\":false,\"message\":\"Error retrieving transaction history\",\"error\":\"User is not associated to Transaction!\"}","duration":"30ms","level":"info","message":"Response: GET /api/transactions/history?page=1&limit=10","service":"transaction-service","status":500,"timestamp":"2024-11-28 12:23:32"}
{"body":"{}","headers":{"accept":"*/*","accept-encoding":"gzip, deflate, br","authorization":"Bearer eyJhbGciOiJIUzI1NiIsInR5cCI6IkpXVCJ9.eyJ1c2VySWQiOjEsImlhdCI6MTczMjc4NDcwMCwiZXhwIjoxNzMyNzg4MzAwfQ.6iAEsVG6_pVqtkuBoLCDkmFqTeGBmfpK31dVXfbp6oQ","cache-control":"no-cache","connection":"keep-alive","host":"localhost:3000","postman-token":"743560b2-ced3-4965-91a6-4be4d5df4914","user-agent":"PostmanRuntime/7.40.0"},"level":"info","message":"Request: GET /api/transactions/history?page=1&limit=10","service":"transaction-service","timestamp":"2024-11-28 12:23:59"}
{"level":"info","message":"User authenticated: 1","service":"transaction-service","timestamp":"2024-11-28 12:23:59"}
{"error":"User is not associated to Transaction!","level":"error","message":"Error retrieving transaction history","service":"transaction-service","timestamp":"2024-11-28 12:23:59","user_id":1}
{"body":"{\"success\":false,\"message\":\"Error retrieving transaction history\",\"error\":\"User is not associated to Transaction!\"}","duration":"162ms","level":"info","message":"Response: GET /api/transactions/history?page=1&limit=10","service":"transaction-service","status":500,"timestamp":"2024-11-28 12:23:59"}
